# JRE version: Java(TM) SE Runtime Environment (8.0_101-b13) (build 1.8.0_101-b13)
# Java VM: Java HotSpot(TM) 64-Bit Server VM (25.101-b13 mixed mode bsd-amd64 compressed oops)
Heap:
 PSYoungGen      total 381952K, used 13403K [0x000000076ab00000, 0x0000000783f00000, 0x00000007c0000000)
  eden space 368640K, 3% used [0x000000076ab00000,0x000000076b816dd0,0x0000000781300000)
  from space 13312K, 0% used [0x0000000783200000,0x0000000783200000,0x0000000783f00000)
  to   space 20992K, 0% used [0x0000000781600000,0x0000000781600000,0x0000000782a80000)
 ParOldGen       total 198656K, used 31307K [0x00000006c0000000, 0x00000006cc200000, 0x000000076ab00000)
  object space 198656K, 15% used [0x00000006c0000000,0x00000006c1e92dd0,0x00000006cc200000)
 Metaspace       used 34895K, capacity 36057K, committed 36352K, reserved 1081344K
  class space    used 4119K, capacity 4482K, committed 4608K, reserved 1048576K
GC Heap History (10 events):
Event: 2.570 GC heap before
{Heap before GC invocations=4 (full 0):
 PSYoungGen      total 141824K, used 67169K [0x000000076ab00000, 0x000000077c000000, 0x00000007c0000000)
  eden space 131072K, 43% used [0x000000076ab00000,0x000000076e2204a8,0x0000000772b00000)
  from space 10752K, 99% used [0x0000000772b00000,0x0000000773578020,0x0000000773580000)
  to   space 10752K, 0% used [0x000000077b580000,0x000000077b580000,0x000000077c000000)
 ParOldGen       total 175104K, used 11245K [0x00000006c0000000, 0x00000006cab00000, 0x000000076ab00000)
  object space 175104K, 6% used [0x00000006c0000000,0x00000006c0afb608,0x00000006cab00000)
 Metaspace       used 20494K, capacity 21125K, committed 21296K, reserved 1069056K
  class space    used 2485K, capacity 2688K, committed 2688K, reserved 1048576K
Event: 2.587 GC heap after
Heap after GC invocations=4 (full 0):
 PSYoungGen      total 272896K, used 10736K [0x000000076ab00000, 0x000000077c000000, 0x00000007c0000000)
  eden space 262144K, 0% used [0x000000076ab00000,0x000000076ab00000,0x000000077ab00000)
  from space 10752K, 99% used [0x000000077b580000,0x000000077bffc010,0x000000077c000000)
  to   space 10752K, 0% used [0x000000077ab00000,0x000000077ab00000,0x000000077b580000)
 ParOldGen       total 175104K, used 15797K [0x00000006c0000000, 0x00000006cab00000, 0x000000076ab00000)
  object space 175104K, 9% used [0x00000006c0000000,0x00000006c0f6d7a0,0x00000006cab00000)
 Metaspace       used 20494K, capacity 21125K, committed 21296K, reserved 1069056K
  class space    used 2485K, capacity 2688K, committed 2688K, reserved 1048576K
}
Event: 2.587 GC heap before
{Heap before GC invocations=5 (full 1):
 PSYoungGen      total 272896K, used 10736K [0x000000076ab00000, 0x000000077c000000, 0x00000007c0000000)
  eden space 262144K, 0% used [0x000000076ab00000,0x000000076ab00000,0x000000077ab00000)
  from space 10752K, 99% used [0x000000077b580000,0x000000077bffc010,0x000000077c000000)
  to   space 10752K, 0% used [0x000000077ab00000,0x000000077ab00000,0x000000077b580000)
 ParOldGen       total 175104K, used 15797K [0x00000006c0000000, 0x00000006cab00000, 0x000000076ab00000)
  object space 175104K, 9% used [0x00000006c0000000,0x00000006c0f6d7a0,0x00000006cab00000)
 Metaspace       used 20494K, capacity 21125K, committed 21296K, reserved 1069056K
  class space    used 2485K, capacity 2688K, committed 2688K, reserved 1048576K
Event: 2.650 GC heap after
Heap after GC invocations=5 (full 1):
 PSYoungGen      total 272896K, used 0K [0x000000076ab00000, 0x000000077c000000, 0x00000007c0000000)
  eden space 262144K, 0% used [0x000000076ab00000,0x000000076ab00000,0x000000077ab00000)
  from space 10752K, 0% used [0x000000077b580000,0x000000077b580000,0x000000077c000000)
  to   space 10752K, 0% used [0x000000077ab00000,0x000000077ab00000,0x000000077b580000)
 ParOldGen       total 129536K, used 20561K [0x00000006c0000000, 0x00000006c7e80000, 0x000000076ab00000)
  object space 129536K, 15% used [0x00000006c0000000,0x00000006c14145d8,0x00000006c7e80000)
 Metaspace       used 20494K, capacity 21125K, committed 21296K, reserved 1069056K
  class space    used 2485K, capacity 2688K, committed 2688K, reserved 1048576K
}
Event: 5.083 GC heap before
{Heap before GC invocations=6 (full 1):
 PSYoungGen      total 272896K, used 262144K [0x000000076ab00000, 0x000000077c000000, 0x00000007c0000000)
  eden space 262144K, 100% used [0x000000076ab00000,0x000000077ab00000,0x000000077ab00000)
  from space 10752K, 0% used [0x000000077b580000,0x000000077b580000,0x000000077c000000)
  to   space 10752K, 0% used [0x000000077ab00000,0x000000077ab00000,0x000000077b580000)
 ParOldGen       total 129536K, used 20561K [0x00000006c0000000, 0x00000006c7e80000, 0x000000076ab00000)
  object space 129536K, 15% used [0x00000006c0000000,0x00000006c14145d8,0x00000006c7e80000)
 Metaspace       used 33719K, capacity 34773K, committed 35072K, reserved 1079296K
  class space    used 3962K, capacity 4306K, committed 4352K, reserved 1048576K
Event: 5.102 GC heap after
Heap after GC invocations=6 (full 1):
 PSYoungGen      total 272896K, used 10731K [0x000000076ab00000, 0x0000000784700000, 0x00000007c0000000)
  eden space 262144K, 0% used [0x000000076ab00000,0x000000076ab00000,0x000000077ab00000)
  from space 10752K, 99% used [0x000000077ab00000,0x000000077b57af28,0x000000077b580000)
  to   space 21504K, 0% used [0x0000000783200000,0x0000000783200000,0x0000000784700000)
 ParOldGen       total 129536K, used 26944K [0x00000006c0000000, 0x00000006c7e80000, 0x000000076ab00000)
  object space 129536K, 20% used [0x00000006c0000000,0x00000006c1a50028,0x00000006c7e80000)
 Metaspace       used 33719K, capacity 34773K, committed 35072K, reserved 1079296K
  class space    used 3962K, capacity 4306K, committed 4352K, reserved 1048576K
}
Event: 6.336 GC heap before
{Heap before GC invocations=7 (full 1):
 PSYoungGen      total 272896K, used 181987K [0x000000076ab00000, 0x0000000784700000, 0x00000007c0000000)
  eden space 262144K, 65% used [0x000000076ab00000,0x000000077523df00,0x000000077ab00000)
  from space 10752K, 99% used [0x000000077ab00000,0x000000077b57af28,0x000000077b580000)
  to   space 21504K, 0% used [0x0000000783200000,0x0000000783200000,0x0000000784700000)
 ParOldGen       total 129536K, used 26944K [0x00000006c0000000, 0x00000006c7e80000, 0x000000076ab00000)
  object space 129536K, 20% used [0x00000006c0000000,0x00000006c1a50028,0x00000006c7e80000)
 Metaspace       used 34201K, capacity 35303K, committed 35456K, reserved 1081344K
  class space    used 4001K, capacity 4380K, committed 4480K, reserved 1048576K
Event: 6.346 GC heap after
Heap after GC invocations=7 (full 1):
 PSYoungGen      total 381952K, used 13231K [0x000000076ab00000, 0x0000000783f00000, 0x00000007c0000000)
  eden space 368640K, 0% used [0x000000076ab00000,0x000000076ab00000,0x0000000781300000)
  from space 13312K, 99% used [0x0000000783200000,0x0000000783eebf70,0x0000000783f00000)
  to   space 20992K, 0% used [0x0000000781600000,0x0000000781600000,0x0000000782a80000)
 ParOldGen       total 129536K, used 26971K [0x00000006c0000000, 0x00000006c7e80000, 0x000000076ab00000)
  object space 129536K, 20% used [0x00000006c0000000,0x00000006c1a56c78,0x00000006c7e80000)
 Metaspace       used 34201K, capacity 35303K, committed 35456K, reserved 1081344K
  class space    used 4001K, capacity 4380K, committed 4480K, reserved 1048576K
}
Event: 6.346 GC heap before
{Heap before GC invocations=8 (full 2):
 PSYoungGen      total 381952K, used 13231K [0x000000076ab00000, 0x0000000783f00000, 0x00000007c0000000)
  eden space 368640K, 0% used [0x000000076ab00000,0x000000076ab00000,0x0000000781300000)
  from space 13312K, 99% used [0x0000000783200000,0x0000000783eebf70,0x0000000783f00000)
  to   space 20992K, 0% used [0x0000000781600000,0x0000000781600000,0x0000000782a80000)
 ParOldGen       total 129536K, used 26971K [0x00000006c0000000, 0x00000006c7e80000, 0x000000076ab00000)
  object space 129536K, 20% used [0x00000006c0000000,0x00000006c1a56c78,0x00000006c7e80000)
 Metaspace       used 34201K, capacity 35303K, committed 35456K, reserved 1081344K
  class space    used 4001K, capacity 4380K, committed 4480K, reserved 1048576K
Event: 6.425 GC heap after
Heap after GC invocations=8 (full 2):
 PSYoungGen      total 381952K, used 0K [0x000000076ab00000, 0x0000000783f00000, 0x00000007c0000000)
  eden space 368640K, 0% used [0x000000076ab00000,0x000000076ab00000,0x0000000781300000)
  from space 13312K, 0% used [0x0000000783200000,0x0000000783200000,0x0000000783f00000)
  to   space 20992K, 0% used [0x0000000781600000,0x0000000781600000,0x0000000782a80000)
 ParOldGen       total 198656K, used 31307K [0x00000006c0000000, 0x00000006cc200000, 0x000000076ab00000)
  object space 198656K, 15% used [0x00000006c0000000,0x00000006c1e92dd0,0x00000006cc200000)
 Metaspace       used 34201K, capacity 35303K, committed 35456K, reserved 1081344K
  class space    used 4001K, capacity 4380K, committed 4480K, reserved 1048576K
}

